#
# There is insufficient memory for the Java Runtime Environment to continue.
# Native memory allocation (malloc) failed to allocate 503024 bytes. Error detail: Chunk::new
# Possible reasons:
#   The system is out of physical RAM or swap space
#   This process is running with CompressedOops enabled, and the Java Heap may be blocking the growth of the native heap
# Possible solutions:
#   Reduce memory load on the system
#   Increase physical memory or swap space
#   Check if swap backing store is full
#   Decrease Java heap size (-Xmx/-Xms)
#   Decrease number of Java threads
#   Decrease Java thread stack sizes (-Xss)
#   Set larger code cache with -XX:ReservedCodeCacheSize=
#   JVM is running with Zero Based Compressed Oops mode in which the Java heap is
#     placed in the first 32GB address space. The Java Heap base address is the
#     maximum limit for the native heap growth. Please use -XX:HeapBaseMinAddress
#     to set the Java Heap base and to place the Java Heap above 32GB virtual address.
# This output file may be truncated or incomplete.
#
#  Out of Memory Error (arena.cpp:150), pid=16336, tid=19352
#
# JRE version: OpenJDK Runtime Environment (22.0.2+9) (build 22.0.2+9-70)
# Java VM: OpenJDK 64-Bit Server VM (22.0.2+9-70, mixed mode, sharing, tiered, compressed oops, compressed class ptrs, g1 gc, windows-amd64)
# No core dump will be written. Minidumps are not enabled by default on client versions of Windows
#

---------------  S U M M A R Y ------------

Command Line: -javaagent:C:\Program Files\JetBrains\IntelliJ IDEA Community Edition 2024.1.4\lib\idea_rt.jar=58364:C:\Program Files\JetBrains\IntelliJ IDEA Community Edition 2024.1.4\bin -Dfile.encoding=UTF-8 -Dsun.stdout.encoding=UTF-8 -Dsun.stderr.encoding=UTF-8 edu.coder.preEntregaFacturacion.PreEntregaFacturacionApplication

Host: Intel(R) Core(TM) i7-10610U CPU @ 1.80GHz, 8 cores, 15G,  Windows 10 , 64 bit Build 19041 (10.0.19041.2546)
Time: Fri Sep 13 17:44:12 2024 Hora estándar de Argentina elapsed time: 3.608027 seconds (0d 0h 0m 3s)

---------------  T H R E A D  ---------------

Current thread (0x0000026e460d7d90):  JavaThread "C2 CompilerThread0" daemon [_thread_in_native, id=19352, stack(0x000000a522600000,0x000000a522700000) (1024K)]


Current CompileTask:
C2:3608 2853   !   4       java.net.URL::<init> (543 bytes)

Stack: [0x000000a522600000,0x000000a522700000]
Native frames: (J=compiled Java code, j=interpreted, Vv=VM code, C=native code)
V  [jvm.dll+0x6e26e9]  (no source info available)
V  [jvm.dll+0x875753]  (no source info available)
V  [jvm.dll+0x877b7e]  (no source info available)
V  [jvm.dll+0x878253]  (no source info available)
V  [jvm.dll+0x27fc86]  (no source info available)
V  [jvm.dll+0xc3d0f]  (no source info available)
V  [jvm.dll+0xc3f6b]  (no source info available)
V  [jvm.dll+0x3bb47c]  (no source info available)
V  [jvm.dll+0x387d4b]  (no source info available)
V  [jvm.dll+0x3871ba]  (no source info available)
V  [jvm.dll+0x2477f8]  (no source info available)
V  [jvm.dll+0x246e9f]  (no source info available)
V  [jvm.dll+0x1c4e80]  (no source info available)
V  [jvm.dll+0x2568f3]  (no source info available)
V  [jvm.dll+0x254baa]  (no source info available)
V  [jvm.dll+0x3f57a6]  (no source info available)
V  [jvm.dll+0x81dc0b]  (no source info available)
V  [jvm.dll+0x6e0d85]  (no source info available)
C  [ucrtbase.dll+0x21bb2]  (no source info available)
C  [KERNEL32.DLL+0x17614]  (no source info available)
C  [ntdll.dll+0x526a1]  (no source info available)


---------------  P R O C E S S  ---------------

Threads class SMR info:
_java_thread_list=0x0000026e8c9a6820, length=13, elements={
0x0000026e2524f120, 0x0000026e460cc5d0, 0x0000026e460cd4f0, 0x0000026e460d10d0,
0x0000026e460d1b30, 0x0000026e460d2590, 0x0000026e460d2ff0, 0x0000026e460d7d90,
0x0000026e460db410, 0x0000026e460f9800, 0x0000026e46406e60, 0x0000026e46673190,
0x0000026e465fa230
}

Java Threads: ( => current thread )
  0x0000026e2524f120 JavaThread "main"                              [_thread_in_native, id=15308, stack(0x000000a521800000,0x000000a521900000) (1024K)]
  0x0000026e460cc5d0 JavaThread "Reference Handler"          daemon [_thread_blocked, id=25116, stack(0x000000a522000000,0x000000a522100000) (1024K)]
  0x0000026e460cd4f0 JavaThread "Finalizer"                  daemon [_thread_blocked, id=16840, stack(0x000000a522100000,0x000000a522200000) (1024K)]
  0x0000026e460d10d0 JavaThread "Signal Dispatcher"          daemon [_thread_blocked, id=23308, stack(0x000000a522200000,0x000000a522300000) (1024K)]
  0x0000026e460d1b30 JavaThread "Attach Listener"            daemon [_thread_blocked, id=21664, stack(0x000000a522300000,0x000000a522400000) (1024K)]
  0x0000026e460d2590 JavaThread "Service Thread"             daemon [_thread_blocked, id=23264, stack(0x000000a522400000,0x000000a522500000) (1024K)]
  0x0000026e460d2ff0 JavaThread "Monitor Deflation Thread"   daemon [_thread_blocked, id=3740, stack(0x000000a522500000,0x000000a522600000) (1024K)]
=>0x0000026e460d7d90 JavaThread "C2 CompilerThread0"         daemon [_thread_in_native, id=19352, stack(0x000000a522600000,0x000000a522700000) (1024K)]
  0x0000026e460db410 JavaThread "C1 CompilerThread0"         daemon [_thread_in_native, id=21772, stack(0x000000a522700000,0x000000a522800000) (1024K)]
  0x0000026e460f9800 JavaThread "Common-Cleaner"             daemon [_thread_blocked, id=24668, stack(0x000000a522800000,0x000000a522900000) (1024K)]
  0x0000026e46406e60 JavaThread "C2 CompilerThread1"         daemon [_thread_in_native, id=4756, stack(0x000000a522900000,0x000000a522a00000) (1024K)]
  0x0000026e46673190 JavaThread "Monitor Ctrl-Break"         daemon [_thread_in_native, id=8484, stack(0x000000a522a00000,0x000000a522b00000) (1024K)]
  0x0000026e465fa230 JavaThread "Notification Thread"        daemon [_thread_blocked, id=23120, stack(0x000000a522b00000,0x000000a522c00000) (1024K)]
Total: 13

Other Threads:
  0x0000026e460b0bd0 VMThread "VM Thread"                           [id=23836, stack(0x000000a521f00000,0x000000a522000000) (1024K)]
  0x0000026e46095720 WatcherThread "VM Periodic Task Thread"        [id=4180, stack(0x000000a521e00000,0x000000a521f00000) (1024K)]
  0x0000026e252af940 WorkerThread "GC Thread#0"                     [id=5516, stack(0x000000a521900000,0x000000a521a00000) (1024K)]
  0x0000026e46e3a650 WorkerThread "GC Thread#1"                     [id=18224, stack(0x000000a522c00000,0x000000a522d00000) (1024K)]
  0x0000026e8c1193e0 WorkerThread "GC Thread#2"                     [id=7152, stack(0x000000a522d00000,0x000000a522e00000) (1024K)]
  0x0000026e8c119ba0 WorkerThread "GC Thread#3"                     [id=12392, stack(0x000000a522e00000,0x000000a522f00000) (1024K)]
  0x0000026e8c115060 WorkerThread "GC Thread#4"                     [id=17432, stack(0x000000a522f00000,0x000000a523000000) (1024K)]
  0x0000026e8c115410 WorkerThread "GC Thread#5"                     [id=12700, stack(0x000000a523000000,0x000000a523100000) (1024K)]
  0x0000026e8c0a9c80 WorkerThread "GC Thread#6"                     [id=20080, stack(0x000000a523100000,0x000000a523200000) (1024K)]
  0x0000026e8c0aa030 WorkerThread "GC Thread#7"                     [id=22660, stack(0x000000a523200000,0x000000a523300000) (1024K)]
  0x0000026e252bfb10 ConcurrentGCThread "G1 Main Marker"            [id=22532, stack(0x000000a521a00000,0x000000a521b00000) (1024K)]
  0x0000026e252bffd0 WorkerThread "G1 Conc#0"                       [id=22548, stack(0x000000a521b00000,0x000000a521c00000) (1024K)]
  0x0000026e45f685b0 ConcurrentGCThread "G1 Refine#0"               [id=19340, stack(0x000000a521c00000,0x000000a521d00000) (1024K)]
  0x0000026e45f69ee0 ConcurrentGCThread "G1 Service"                [id=21720, stack(0x000000a521d00000,0x000000a521e00000) (1024K)]
Total: 14

Threads with active compile tasks:
C2 CompilerThread0  3766 2853   !   4       java.net.URL::<init> (543 bytes)
C2 CompilerThread1  3766 2894       4       java.io.WinNTFileSystem::normalize (224 bytes)
Total: 2

VM state: not at safepoint (normal execution)

VM Mutex/Monitor currently owned by a thread: None

Heap address: 0x0000000706400000, size: 3996 MB, Compressed Oops mode: Zero based, Oop shift amount: 3

CDS archive(s) mapped at: [0x0000026e47000000-0x0000026e47c60000-0x0000026e47c60000), size 12976128, SharedBaseAddress: 0x0000026e47000000, ArchiveRelocationMode: 1.
Compressed class space mapped at: 0x0000026e48000000-0x0000026e88000000, reserved size: 1073741824
Narrow klass base: 0x0000026e47000000, Narrow klass shift: 0, Narrow klass range: 0x41000000

GC Precious Log:
 CardTable entry size: 512
 Card Set container configuration: InlinePtr #cards 4 size 8 Array Of Cards #cards 16 size 48 Howl #buckets 8 coarsen threshold 3686 Howl Bitmap #cards 512 size 80 coarsen threshold 460 Card regions per heap region 1 cards per card region 4096
 CPUs: 8 total, 8 available
 Memory: 15980M
 Large Page Support: Disabled
 NUMA Support: Disabled
 Compressed Oops: Enabled (Zero based)
 Heap Region Size: 2M
 Heap Min Capacity: 8M
 Heap Initial Capacity: 250M
 Heap Max Capacity: 3996M
 Pre-touch: Disabled
 Parallel Workers: 8
 Concurrent Workers: 2
 Concurrent Refinement Workers: 8
 Periodic GC: Disabled

Heap:
 garbage-first heap   total reserved 4091904K, committed 256000K, used 37325K [0x0000000706400000, 0x0000000800000000)
  region size 2048K, 17 young (34816K), 2 survivors (4096K)
 Metaspace       used 20950K, committed 21248K, reserved 1114112K
  class space    used 2547K, committed 2688K, reserved 1048576K

Heap Regions: E=young(eden), S=young(survivor), O=old, HS=humongous(starts), HC=humongous(continues), CS=collection set, F=free, TAMS=top-at-mark-start, PB=parsable bottom
|   0|0x0000000706400000, 0x0000000706600000, 0x0000000706600000|100%| O|  |TAMS 0x0000000706400000| PB 0x0000000706400000| Untracked |  0
|   1|0x0000000706600000, 0x0000000706800000, 0x0000000706800000|100%| O|  |TAMS 0x0000000706600000| PB 0x0000000706600000| Untracked |  0
|   2|0x0000000706800000, 0x0000000706a00000, 0x0000000706a00000|100%| O|  |TAMS 0x0000000706800000| PB 0x0000000706800000| Untracked |  0
|   3|0x0000000706a00000, 0x0000000706b91168, 0x0000000706c00000| 78%| O|  |TAMS 0x0000000706a00000| PB 0x0000000706a00000| Untracked |  0
|   4|0x0000000706c00000, 0x0000000706c00000, 0x0000000706e00000|  0%| F|  |TAMS 0x0000000706c00000| PB 0x0000000706c00000| Untracked |  0
|   5|0x0000000706e00000, 0x0000000706e00000, 0x0000000707000000|  0%| F|  |TAMS 0x0000000706e00000| PB 0x0000000706e00000| Untracked |  0
|   6|0x0000000707000000, 0x0000000707000000, 0x0000000707200000|  0%| F|  |TAMS 0x0000000707000000| PB 0x0000000707000000| Untracked |  0
|   7|0x0000000707200000, 0x0000000707200000, 0x0000000707400000|  0%| F|  |TAMS 0x0000000707200000| PB 0x0000000707200000| Untracked |  0
|   8|0x0000000707400000, 0x0000000707400000, 0x0000000707600000|  0%| F|  |TAMS 0x0000000707400000| PB 0x0000000707400000| Untracked |  0
|   9|0x0000000707600000, 0x0000000707600000, 0x0000000707800000|  0%| F|  |TAMS 0x0000000707600000| PB 0x0000000707600000| Untracked |  0
|  10|0x0000000707800000, 0x0000000707800000, 0x0000000707a00000|  0%| F|  |TAMS 0x0000000707800000| PB 0x0000000707800000| Untracked |  0
|  11|0x0000000707a00000, 0x0000000707a00000, 0x0000000707c00000|  0%| F|  |TAMS 0x0000000707a00000| PB 0x0000000707a00000| Untracked |  0
|  12|0x0000000707c00000, 0x0000000707c00000, 0x0000000707e00000|  0%| F|  |TAMS 0x0000000707c00000| PB 0x0000000707c00000| Untracked |  0
|  13|0x0000000707e00000, 0x0000000707e00000, 0x0000000708000000|  0%| F|  |TAMS 0x0000000707e00000| PB 0x0000000707e00000| Untracked |  0
|  14|0x0000000708000000, 0x0000000708000000, 0x0000000708200000|  0%| F|  |TAMS 0x0000000708000000| PB 0x0000000708000000| Untracked |  0
|  15|0x0000000708200000, 0x0000000708200000, 0x0000000708400000|  0%| F|  |TAMS 0x0000000708200000| PB 0x0000000708200000| Untracked |  0
|  16|0x0000000708400000, 0x0000000708400000, 0x0000000708600000|  0%| F|  |TAMS 0x0000000708400000| PB 0x0000000708400000| Untracked |  0
|  17|0x0000000708600000, 0x0000000708600000, 0x0000000708800000|  0%| F|  |TAMS 0x0000000708600000| PB 0x0000000708600000| Untracked |  0
|  18|0x0000000708800000, 0x0000000708800000, 0x0000000708a00000|  0%| F|  |TAMS 0x0000000708800000| PB 0x0000000708800000| Untracked |  0
|  19|0x0000000708a00000, 0x0000000708a00000, 0x0000000708c00000|  0%| F|  |TAMS 0x0000000708a00000| PB 0x0000000708a00000| Untracked |  0
|  20|0x0000000708c00000, 0x0000000708c00000, 0x0000000708e00000|  0%| F|  |TAMS 0x0000000708c00000| PB 0x0000000708c00000| Untracked |  0
|  21|0x0000000708e00000, 0x0000000708e00000, 0x0000000709000000|  0%| F|  |TAMS 0x0000000708e00000| PB 0x0000000708e00000| Untracked |  0
|  22|0x0000000709000000, 0x0000000709000000, 0x0000000709200000|  0%| F|  |TAMS 0x0000000709000000| PB 0x0000000709000000| Untracked |  0
|  23|0x0000000709200000, 0x0000000709200000, 0x0000000709400000|  0%| F|  |TAMS 0x0000000709200000| PB 0x0000000709200000| Untracked |  0
|  24|0x0000000709400000, 0x0000000709400000, 0x0000000709600000|  0%| F|  |TAMS 0x0000000709400000| PB 0x0000000709400000| Untracked |  0
|  25|0x0000000709600000, 0x0000000709600000, 0x0000000709800000|  0%| F|  |TAMS 0x0000000709600000| PB 0x0000000709600000| Untracked |  0
|  26|0x0000000709800000, 0x0000000709800000, 0x0000000709a00000|  0%| F|  |TAMS 0x0000000709800000| PB 0x0000000709800000| Untracked |  0
|  27|0x0000000709a00000, 0x0000000709a00000, 0x0000000709c00000|  0%| F|  |TAMS 0x0000000709a00000| PB 0x0000000709a00000| Untracked |  0
|  28|0x0000000709c00000, 0x0000000709c00000, 0x0000000709e00000|  0%| F|  |TAMS 0x0000000709c00000| PB 0x0000000709c00000| Untracked |  0
|  29|0x0000000709e00000, 0x0000000709e00000, 0x000000070a000000|  0%| F|  |TAMS 0x0000000709e00000| PB 0x0000000709e00000| Untracked |  0
|  30|0x000000070a000000, 0x000000070a000000, 0x000000070a200000|  0%| F|  |TAMS 0x000000070a000000| PB 0x000000070a000000| Untracked |  0
|  31|0x000000070a200000, 0x000000070a200000, 0x000000070a400000|  0%| F|  |TAMS 0x000000070a200000| PB 0x000000070a200000| Untracked |  0
|  32|0x000000070a400000, 0x000000070a400000, 0x000000070a600000|  0%| F|  |TAMS 0x000000070a400000| PB 0x000000070a400000| Untracked |  0
|  33|0x000000070a600000, 0x000000070a600000, 0x000000070a800000|  0%| F|  |TAMS 0x000000070a600000| PB 0x000000070a600000| Untracked |  0
|  34|0x000000070a800000, 0x000000070a800000, 0x000000070aa00000|  0%| F|  |TAMS 0x000000070a800000| PB 0x000000070a800000| Untracked |  0
|  35|0x000000070aa00000, 0x000000070aa00000, 0x000000070ac00000|  0%| F|  |TAMS 0x000000070aa00000| PB 0x000000070aa00000| Untracked |  0
|  36|0x000000070ac00000, 0x000000070ac00000, 0x000000070ae00000|  0%| F|  |TAMS 0x000000070ac00000| PB 0x000000070ac00000| Untracked |  0
|  37|0x000000070ae00000, 0x000000070ae00000, 0x000000070b000000|  0%| F|  |TAMS 0x000000070ae00000| PB 0x000000070ae00000| Untracked |  0
|  38|0x000000070b000000, 0x000000070b000000, 0x000000070b200000|  0%| F|  |TAMS 0x000000070b000000| PB 0x000000070b000000| Untracked |  0
|  39|0x000000070b200000, 0x000000070b200000, 0x000000070b400000|  0%| F|  |TAMS 0x000000070b200000| PB 0x000000070b200000| Untracked |  0
|  40|0x000000070b400000, 0x000000070b400000, 0x000000070b600000|  0%| F|  |TAMS 0x000000070b400000| PB 0x000000070b400000| Untracked |  0
|  41|0x000000070b600000, 0x000000070b600000, 0x000000070b800000|  0%| F|  |TAMS 0x000000070b600000| PB 0x000000070b600000| Untracked |  0
|  42|0x000000070b800000, 0x000000070b800000, 0x000000070ba00000|  0%| F|  |TAMS 0x000000070b800000| PB 0x000000070b800000| Untracked |  0
|  43|0x000000070ba00000, 0x000000070ba00000, 0x000000070bc00000|  0%| F|  |TAMS 0x000000070ba00000| PB 0x000000070ba00000| Untracked |  0
|  44|0x000000070bc00000, 0x000000070bc00000, 0x000000070be00000|  0%| F|  |TAMS 0x000000070bc00000| PB 0x000000070bc00000| Untracked |  0
|  45|0x000000070be00000, 0x000000070be00000, 0x000000070c000000|  0%| F|  |TAMS 0x000000070be00000| PB 0x000000070be00000| Untracked |  0
|  46|0x000000070c000000, 0x000000070c000000, 0x000000070c200000|  0%| F|  |TAMS 0x000000070c000000| PB 0x000000070c000000| Untracked |  0
|  47|0x000000070c200000, 0x000000070c200000, 0x000000070c400000|  0%| F|  |TAMS 0x000000070c200000| PB 0x000000070c200000| Untracked |  0
|  48|0x000000070c400000, 0x000000070c400000, 0x000000070c600000|  0%| F|  |TAMS 0x000000070c400000| PB 0x000000070c400000| Untracked |  0
|  49|0x000000070c600000, 0x000000070c600000, 0x000000070c800000|  0%| F|  |TAMS 0x000000070c600000| PB 0x000000070c600000| Untracked |  0
|  50|0x000000070c800000, 0x000000070c800000, 0x000000070ca00000|  0%| F|  |TAMS 0x000000070c800000| PB 0x000000070c800000| Untracked |  0
|  51|0x000000070ca00000, 0x000000070ca00000, 0x000000070cc00000|  0%| F|  |TAMS 0x000000070ca00000| PB 0x000000070ca00000| Untracked |  0
|  52|0x000000070cc00000, 0x000000070cc00000, 0x000000070ce00000|  0%| F|  |TAMS 0x000000070cc00000| PB 0x000000070cc00000| Untracked |  0
|  53|0x000000070ce00000, 0x000000070ce00000, 0x000000070d000000|  0%| F|  |TAMS 0x000000070ce00000| PB 0x000000070ce00000| Untracked |  0
|  54|0x000000070d000000, 0x000000070d000000, 0x000000070d200000|  0%| F|  |TAMS 0x000000070d000000| PB 0x000000070d000000| Untracked |  0
|  55|0x000000070d200000, 0x000000070d200000, 0x000000070d400000|  0%| F|  |TAMS 0x000000070d200000| PB 0x000000070d200000| Untracked |  0
|  56|0x000000070d400000, 0x000000070d400000, 0x000000070d600000|  0%| F|  |TAMS 0x000000070d400000| PB 0x000000070d400000| Untracked |  0
|  57|0x000000070d600000, 0x000000070d600000, 0x000000070d800000|  0%| F|  |TAMS 0x000000070d600000| PB 0x000000070d600000| Untracked |  0
|  58|0x000000070d800000, 0x000000070d800000, 0x000000070da00000|  0%| F|  |TAMS 0x000000070d800000| PB 0x000000070d800000| Untracked |  0
|  59|0x000000070da00000, 0x000000070da00000, 0x000000070dc00000|  0%| F|  |TAMS 0x000000070da00000| PB 0x000000070da00000| Untracked |  0
|  60|0x000000070dc00000, 0x000000070dc00000, 0x000000070de00000|  0%| F|  |TAMS 0x000000070dc00000| PB 0x000000070dc00000| Untracked |  0
|  61|0x000000070de00000, 0x000000070de00000, 0x000000070e000000|  0%| F|  |TAMS 0x000000070de00000| PB 0x000000070de00000| Untracked |  0
|  62|0x000000070e000000, 0x000000070e000000, 0x000000070e200000|  0%| F|  |TAMS 0x000000070e000000| PB 0x000000070e000000| Untracked |  0
|  63|0x000000070e200000, 0x000000070e200000, 0x000000070e400000|  0%| F|  |TAMS 0x000000070e200000| PB 0x000000070e200000| Untracked |  0
|  64|0x000000070e400000, 0x000000070e400000, 0x000000070e600000|  0%| F|  |TAMS 0x000000070e400000| PB 0x000000070e400000| Untracked |  0
|  65|0x000000070e600000, 0x000000070e600000, 0x000000070e800000|  0%| F|  |TAMS 0x000000070e600000| PB 0x000000070e600000| Untracked |  0
|  66|0x000000070e800000, 0x000000070e800000, 0x000000070ea00000|  0%| F|  |TAMS 0x000000070e800000| PB 0x000000070e800000| Untracked |  0
|  67|0x000000070ea00000, 0x000000070ea00000, 0x000000070ec00000|  0%| F|  |TAMS 0x000000070ea00000| PB 0x000000070ea00000| Untracked |  0
|  68|0x000000070ec00000, 0x000000070ec00000, 0x000000070ee00000|  0%| F|  |TAMS 0x000000070ec00000| PB 0x000000070ec00000| Untracked |  0
|  69|0x000000070ee00000, 0x000000070ee00000, 0x000000070f000000|  0%| F|  |TAMS 0x000000070ee00000| PB 0x000000070ee00000| Untracked |  0
|  70|0x000000070f000000, 0x000000070f000000, 0x000000070f200000|  0%| F|  |TAMS 0x000000070f000000| PB 0x000000070f000000| Untracked |  0
|  71|0x000000070f200000, 0x000000070f200000, 0x000000070f400000|  0%| F|  |TAMS 0x000000070f200000| PB 0x000000070f200000| Untracked |  0
|  72|0x000000070f400000, 0x000000070f400000, 0x000000070f600000|  0%| F|  |TAMS 0x000000070f400000| PB 0x000000070f400000| Untracked |  0
|  73|0x000000070f600000, 0x000000070f600000, 0x000000070f800000|  0%| F|  |TAMS 0x000000070f600000| PB 0x000000070f600000| Untracked |  0
|  74|0x000000070f800000, 0x000000070f800000, 0x000000070fa00000|  0%| F|  |TAMS 0x000000070f800000| PB 0x000000070f800000| Untracked |  0
|  75|0x000000070fa00000, 0x000000070fa00000, 0x000000070fc00000|  0%| F|  |TAMS 0x000000070fa00000| PB 0x000000070fa00000| Untracked |  0
|  76|0x000000070fc00000, 0x000000070fc00000, 0x000000070fe00000|  0%| F|  |TAMS 0x000000070fc00000| PB 0x000000070fc00000| Untracked |  0
|  77|0x000000070fe00000, 0x000000070fe00000, 0x0000000710000000|  0%| F|  |TAMS 0x000000070fe00000| PB 0x000000070fe00000| Untracked |  0
|  78|0x0000000710000000, 0x0000000710000000, 0x0000000710200000|  0%| F|  |TAMS 0x0000000710000000| PB 0x0000000710000000| Untracked |  0
|  79|0x0000000710200000, 0x0000000710200000, 0x0000000710400000|  0%| F|  |TAMS 0x0000000710200000| PB 0x0000000710200000| Untracked |  0
|  80|0x0000000710400000, 0x0000000710400000, 0x0000000710600000|  0%| F|  |TAMS 0x0000000710400000| PB 0x0000000710400000| Untracked |  0
|  81|0x0000000710600000, 0x0000000710600000, 0x0000000710800000|  0%| F|  |TAMS 0x0000000710600000| PB 0x0000000710600000| Untracked |  0
|  82|0x0000000710800000, 0x0000000710800000, 0x0000000710a00000|  0%| F|  |TAMS 0x0000000710800000| PB 0x0000000710800000| Untracked |  0
|  83|0x0000000710a00000, 0x0000000710a00000, 0x0000000710c00000|  0%| F|  |TAMS 0x0000000710a00000| PB 0x0000000710a00000| Untracked |  0
|  84|0x0000000710c00000, 0x0000000710c00000, 0x0000000710e00000|  0%| F|  |TAMS 0x0000000710c00000| PB 0x0000000710c00000| Untracked |  0
|  85|0x0000000710e00000, 0x0000000710e00000, 0x0000000711000000|  0%| F|  |TAMS 0x0000000710e00000| PB 0x0000000710e00000| Untracked |  0
|  86|0x0000000711000000, 0x0000000711000000, 0x0000000711200000|  0%| F|  |TAMS 0x0000000711000000| PB 0x0000000711000000| Untracked |  0
|  87|0x0000000711200000, 0x0000000711200000, 0x0000000711400000|  0%| F|  |TAMS 0x0000000711200000| PB 0x0000000711200000| Untracked |  0
|  88|0x0000000711400000, 0x0000000711400000, 0x0000000711600000|  0%| F|  |TAMS 0x0000000711400000| PB 0x0000000711400000| Untracked |  0
|  89|0x0000000711600000, 0x0000000711600000, 0x0000000711800000|  0%| F|  |TAMS 0x0000000711600000| PB 0x0000000711600000| Untracked |  0
|  90|0x0000000711800000, 0x0000000711800000, 0x0000000711a00000|  0%| F|  |TAMS 0x0000000711800000| PB 0x0000000711800000| Untracked |  0
|  91|0x0000000711a00000, 0x0000000711a00000, 0x0000000711c00000|  0%| F|  |TAMS 0x0000000711a00000| PB 0x0000000711a00000| Untracked |  0
|  92|0x0000000711c00000, 0x0000000711c00000, 0x0000000711e00000|  0%| F|  |TAMS 0x0000000711c00000| PB 0x0000000711c00000| Untracked |  0
|  93|0x0000000711e00000, 0x0000000711e00000, 0x0000000712000000|  0%| F|  |TAMS 0x0000000711e00000| PB 0x0000000711e00000| Untracked |  0
|  94|0x0000000712000000, 0x0000000712000000, 0x0000000712200000|  0%| F|  |TAMS 0x0000000712000000| PB 0x0000000712000000| Untracked |  0
|  95|0x0000000712200000, 0x0000000712200000, 0x0000000712400000|  0%| F|  |TAMS 0x0000000712200000| PB 0x0000000712200000| Untracked |  0
|  96|0x0000000712400000, 0x0000000712400000, 0x0000000712600000|  0%| F|  |TAMS 0x0000000712400000| PB 0x0000000712400000| Untracked |  0
|  97|0x0000000712600000, 0x0000000712600000, 0x0000000712800000|  0%| F|  |TAMS 0x0000000712600000| PB 0x0000000712600000| Untracked |  0
|  98|0x0000000712800000, 0x0000000712800000, 0x0000000712a00000|  0%| F|  |TAMS 0x0000000712800000| PB 0x0000000712800000| Untracked |  0
|  99|0x0000000712a00000, 0x0000000712a00000, 0x0000000712c00000|  0%| F|  |TAMS 0x0000000712a00000| PB 0x0000000712a00000| Untracked |  0
| 100|0x0000000712c00000, 0x0000000712c00000, 0x0000000712e00000|  0%| F|  |TAMS 0x0000000712c00000| PB 0x0000000712c00000| Untracked |  0
| 101|0x0000000712e00000, 0x0000000712e00000, 0x0000000713000000|  0%| F|  |TAMS 0x0000000712e00000| PB 0x0000000712e00000| Untracked |  0
| 102|0x0000000713000000, 0x0000000713000000, 0x0000000713200000|  0%| F|  |TAMS 0x0000000713000000| PB 0x0000000713000000| Untracked |  0
| 103|0x0000000713200000, 0x0000000713200000, 0x0000000713400000|  0%| F|  |TAMS 0x0000000713200000| PB 0x0000000713200000| Untracked |  0
| 104|0x0000000713400000, 0x0000000713400000, 0x0000000713600000|  0%| F|  |TAMS 0x0000000713400000| PB 0x0000000713400000| Untracked |  0
| 105|0x0000000713600000, 0x00000007136e2600, 0x0000000713800000| 44%| S|CS|TAMS 0x0000000713600000| PB 0x0000000713600000| Complete |  0
| 106|0x0000000713800000, 0x0000000713a00000, 0x0000000713a00000|100%| S|CS|TAMS 0x0000000713800000| PB 0x0000000713800000| Complete |  0
| 107|0x0000000713a00000, 0x0000000713a00000, 0x0000000713c00000|  0%| F|  |TAMS 0x0000000713a00000| PB 0x0000000713a00000| Untracked |  0
| 108|0x0000000713c00000, 0x0000000713c00000, 0x0000000713e00000|  0%| F|  |TAMS 0x0000000713c00000| PB 0x0000000713c00000| Untracked |  0
| 109|0x0000000713e00000, 0x0000000713e00000, 0x0000000714000000|  0%| F|  |TAMS 0x0000000713e00000| PB 0x0000000713e00000| Untracked |  0
| 110|0x0000000714000000, 0x0000000714200000, 0x0000000714200000|100%| E|  |TAMS 0x0000000714000000| PB 0x0000000714000000| Complete |  0
| 111|0x0000000714200000, 0x0000000714400000, 0x0000000714400000|100%| E|CS|TAMS 0x0000000714200000| PB 0x0000000714200000| Complete |  0
| 112|0x0000000714400000, 0x0000000714600000, 0x0000000714600000|100%| E|CS|TAMS 0x0000000714400000| PB 0x0000000714400000| Complete |  0
| 113|0x0000000714600000, 0x0000000714800000, 0x0000000714800000|100%| E|CS|TAMS 0x0000000714600000| PB 0x0000000714600000| Complete |  0
| 114|0x0000000714800000, 0x0000000714a00000, 0x0000000714a00000|100%| E|CS|TAMS 0x0000000714800000| PB 0x0000000714800000| Complete |  0
| 115|0x0000000714a00000, 0x0000000714c00000, 0x0000000714c00000|100%| E|CS|TAMS 0x0000000714a00000| PB 0x0000000714a00000| Complete |  0
| 116|0x0000000714c00000, 0x0000000714e00000, 0x0000000714e00000|100%| E|CS|TAMS 0x0000000714c00000| PB 0x0000000714c00000| Complete |  0
| 117|0x0000000714e00000, 0x0000000715000000, 0x0000000715000000|100%| E|CS|TAMS 0x0000000714e00000| PB 0x0000000714e00000| Complete |  0
| 118|0x0000000715000000, 0x0000000715200000, 0x0000000715200000|100%| E|CS|TAMS 0x0000000715000000| PB 0x0000000715000000| Complete |  0
| 119|0x0000000715200000, 0x0000000715400000, 0x0000000715400000|100%| E|CS|TAMS 0x0000000715200000| PB 0x0000000715200000| Complete |  0
| 120|0x0000000715400000, 0x0000000715600000, 0x0000000715600000|100%| E|CS|TAMS 0x0000000715400000| PB 0x0000000715400000| Complete |  0
| 121|0x0000000715600000, 0x0000000715800000, 0x0000000715800000|100%| E|CS|TAMS 0x0000000715600000| PB 0x0000000715600000| Complete |  0
| 122|0x0000000715800000, 0x0000000715a00000, 0x0000000715a00000|100%| E|CS|TAMS 0x0000000715800000| PB 0x0000000715800000| Complete |  0
| 123|0x0000000715a00000, 0x0000000715c00000, 0x0000000715c00000|100%| E|CS|TAMS 0x0000000715a00000| PB 0x0000000715a00000| Complete |  0
| 124|0x0000000715c00000, 0x0000000715e00000, 0x0000000715e00000|100%| E|  |TAMS 0x0000000715c00000| PB 0x0000000715c00000| Complete |  0

Card table byte_map: [0x0000026e3efd0000,0x0000026e3f7a0000] _byte_map_base: 0x0000026e3b79e000

Marking Bits: (CMBitMap*) 0x0000026e2508dff0
 Bits: [0x0000026e3f7a0000, 0x0000026e43610000)

Polling page: 0x0000026e25310000

Metaspace:

Usage:
  Non-class:     17.98 MB used.
      Class:      2.49 MB used.
       Both:     20.47 MB used.

Virtual space:
  Non-class space:       64.00 MB reserved,      18.12 MB ( 28%) committed,  1 nodes.
      Class space:        1.00 GB reserved,       2.62 MB ( <1%) committed,  1 nodes.
             Both:        1.06 GB reserved,      20.75 MB (  2%) committed. 

Chunk freelists:
   Non-Class:  13.83 MB
       Class:  13.28 MB
        Both:  27.11 MB

MaxMetaspaceSize: unlimited
CompressedClassSpaceSize: 1.00 GB
Initial GC threshold: 21.00 MB
Current GC threshold: 21.00 MB
CDS: on
 - commit_granule_bytes: 65536.
 - commit_granule_words: 8192.
 - virtual_space_node_default_size: 8388608.
 - enlarge_chunks_in_place: 1.
 - use_allocation_guard: 0.


Internal statistics:

num_allocs_failed_limit: 0.
num_arena_births: 288.
num_arena_deaths: 0.
num_vsnodes_births: 2.
num_vsnodes_deaths: 0.
num_space_committed: 332.
num_space_uncommitted: 0.
num_chunks_returned_to_freelist: 0.
num_chunks_taken_from_freelist: 958.
num_chunk_merges: 0.
num_chunk_splits: 640.
num_chunks_enlarged: 461.
num_inconsistent_stats: 0.

CodeHeap 'non-profiled nmethods': size=120000Kb used=1157Kb max_used=1157Kb free=118842Kb
 bounds [0x0000026e36860000, 0x0000026e36ad0000, 0x0000026e3dd90000]
CodeHeap 'profiled nmethods': size=120000Kb used=5920Kb max_used=5920Kb free=114079Kb
 bounds [0x0000026e2ed90000, 0x0000026e2f360000, 0x0000026e362c0000]
CodeHeap 'non-nmethods': size=5760Kb used=1464Kb max_used=1487Kb free=4295Kb
 bounds [0x0000026e362c0000, 0x0000026e36530000, 0x0000026e36860000]
 total_blobs=3489 nmethods=2946 adapters=445
 compilation: enabled
              stopped_count=0, restarted_count=0
 full_count=0

Compilation events (20 events):
Event: 3.559 Thread 0x0000026e460db410 2854       3       org.springframework.core.KotlinDetector::isKotlinReflectPresent (4 bytes)
Event: 3.559 Thread 0x0000026e460db410 nmethod 2854 0x0000026e2f322590 code [0x0000026e2f322720, 0x0000026e2f322810]
Event: 3.573 Thread 0x0000026e460db410 2855       3       org.springframework.core.type.classreading.MergedAnnotationReadingVisitor::visitArray (16 bytes)
Event: 3.574 Thread 0x0000026e460db410 nmethod 2855 0x0000026e2f322890 code [0x0000026e2f322ae0, 0x0000026e2f323600]
Event: 3.574 Thread 0x0000026e460db410 2856       3       org.springframework.core.type.classreading.MergedAnnotationReadingVisitor$$Lambda/0x0000026e482486c0::<init> (15 bytes)
Event: 3.574 Thread 0x0000026e460db410 nmethod 2856 0x0000026e2f323990 code [0x0000026e2f323b40, 0x0000026e2f323d70]
Event: 3.574 Thread 0x0000026e460db410 2857       3       org.springframework.core.type.classreading.MergedAnnotationReadingVisitor$$Lambda/0x0000026e482486c0::accept (16 bytes)
Event: 3.575 Thread 0x0000026e460db410 nmethod 2857 0x0000026e2f323e10 code [0x0000026e2f323fc0, 0x0000026e2f3242f8]
Event: 3.575 Thread 0x0000026e460db410 2858       3       sun.reflect.annotation.AnnotationInvocationHandler::cloneArray (143 bytes)
Event: 3.576 Thread 0x0000026e460db410 nmethod 2858 0x0000026e2f324410 code [0x0000026e2f324700, 0x0000026e2f3259c8]
Event: 3.576 Thread 0x0000026e460db410 2859       3       java.lang.Class::getConstructor0 (83 bytes)
Event: 3.577 Thread 0x0000026e460db410 nmethod 2859 0x0000026e2f325d10 code [0x0000026e2f325fa0, 0x0000026e2f326a70]
Event: 3.579 Thread 0x0000026e460db410 2860       3       org.springframework.context.annotation.ConfigurationClassParser::collectImports (101 bytes)
Event: 3.580 Thread 0x0000026e460db410 nmethod 2860 0x0000026e2f326f90 code [0x0000026e2f327240, 0x0000026e2f327d60]
Event: 3.582 Thread 0x0000026e460db410 2861       3       java.util.HashSet::size (8 bytes)
Event: 3.582 Thread 0x0000026e460db410 nmethod 2861 0x0000026e2f328110 code [0x0000026e2f3282a0, 0x0000026e2f328450]
Event: 3.583 Thread 0x0000026e460db410 2862       3       java.util.HashSet::toArray (16 bytes)
Event: 3.583 Thread 0x0000026e460db410 nmethod 2862 0x0000026e2f328510 code [0x0000026e2f3286c0, 0x0000026e2f3288e8]
Event: 3.600 Thread 0x0000026e460db410 2863       3       java.util.RegularEnumSet$EnumSetIterator::next (60 bytes)
Event: 3.600 Thread 0x0000026e460db410 nmethod 2863 0x0000026e2f328a10 code [0x0000026e2f328be0, 0x0000026e2f328e98]

GC Heap History (4 events):
Event: 1.638 GC heap before
{Heap before GC invocations=0 (full 0):
 garbage-first heap   total reserved 4091904K, committed 256000K, used 22528K [0x0000000706400000, 0x0000000800000000)
  region size 2048K, 12 young (24576K), 0 survivors (0K)
 Metaspace       used 6481K, committed 6720K, reserved 1114112K
  class space    used 740K, committed 832K, reserved 1048576K
}
Event: 1.644 GC heap after
{Heap after GC invocations=1 (full 0):
 garbage-first heap   total reserved 4091904K, committed 256000K, used 6911K [0x0000000706400000, 0x0000000800000000)
  region size 2048K, 2 young (4096K), 2 survivors (4096K)
 Metaspace       used 6481K, committed 6720K, reserved 1114112K
  class space    used 740K, committed 832K, reserved 1048576K
}
Event: 2.716 GC heap before
{Heap before GC invocations=1 (full 0):
 garbage-first heap   total reserved 4091904K, committed 256000K, used 39679K [0x0000000706400000, 0x0000000800000000)
  region size 2048K, 18 young (36864K), 2 survivors (4096K)
 Metaspace       used 16420K, committed 16768K, reserved 1114112K
  class space    used 1966K, committed 2112K, reserved 1048576K
}
Event: 2.723 GC heap after
{Heap after GC invocations=2 (full 0):
 garbage-first heap   total reserved 4091904K, committed 256000K, used 10701K [0x0000000706400000, 0x0000000800000000)
  region size 2048K, 2 young (4096K), 2 survivors (4096K)
 Metaspace       used 16420K, committed 16768K, reserved 1114112K
  class space    used 1966K, committed 2112K, reserved 1048576K
}

Dll operation events (12 events):
Event: 0.015 Loaded shared library C:\Users\95959954\.jdks\openjdk-22.0.2\bin\java.dll
Event: 0.113 Loaded shared library C:\Users\95959954\.jdks\openjdk-22.0.2\bin\jsvml.dll
Event: 0.208 Loaded shared library C:\Users\95959954\.jdks\openjdk-22.0.2\bin\zip.dll
Event: 0.214 Loaded shared library C:\Users\95959954\.jdks\openjdk-22.0.2\bin\instrument.dll
Event: 0.222 Loaded shared library C:\Users\95959954\.jdks\openjdk-22.0.2\bin\net.dll
Event: 0.225 Loaded shared library C:\Users\95959954\.jdks\openjdk-22.0.2\bin\nio.dll
Event: 0.229 Loaded shared library C:\Users\95959954\.jdks\openjdk-22.0.2\bin\zip.dll
Event: 0.399 Loaded shared library C:\Program Files\JetBrains\IntelliJ IDEA Community Edition 2024.1.4\bin\breakgen64.dll
Event: 0.435 Loaded shared library C:\Users\95959954\.jdks\openjdk-22.0.2\bin\extnet.dll
Event: 0.520 Loaded shared library C:\Users\95959954\.jdks\openjdk-22.0.2\bin\jimage.dll
Event: 2.166 Loaded shared library C:\Users\95959954\.jdks\openjdk-22.0.2\bin\le.dll
Event: 3.004 Loaded shared library C:\Users\95959954\.jdks\openjdk-22.0.2\bin\sunmscapi.dll

Deoptimization events (20 events):
Event: 3.090 Thread 0x0000026e2524f120 DEOPT PACKING pc=0x0000026e2eee247e sp=0x000000a5218fe890
Event: 3.090 Thread 0x0000026e2524f120 DEOPT UNPACKING pc=0x0000026e36314e42 sp=0x000000a5218fdd78 mode 0
Event: 3.090 Thread 0x0000026e2524f120 DEOPT PACKING pc=0x0000026e2eee247e sp=0x000000a5218fe890
Event: 3.090 Thread 0x0000026e2524f120 DEOPT UNPACKING pc=0x0000026e36314e42 sp=0x000000a5218fdd78 mode 0
Event: 3.210 Thread 0x0000026e2524f120 Uncommon trap: trap_request=0xffffffde fr.pc=0x0000026e36952bac relative=0x000000000000088c
Event: 3.210 Thread 0x0000026e2524f120 Uncommon trap: reason=class_check action=maybe_recompile pc=0x0000026e36952bac method=java.util.HashMap.putVal(ILjava/lang/Object;Ljava/lang/Object;ZZ)Ljava/lang/Object; @ 203 c2
Event: 3.210 Thread 0x0000026e2524f120 DEOPT PACKING pc=0x0000026e36952bac sp=0x000000a5218fe6f0
Event: 3.210 Thread 0x0000026e2524f120 DEOPT UNPACKING pc=0x0000026e363146a2 sp=0x000000a5218fe670 mode 2
Event: 3.222 Thread 0x0000026e2524f120 Uncommon trap: trap_request=0xffffff45 fr.pc=0x0000026e368d64a0 relative=0x0000000000000a60
Event: 3.222 Thread 0x0000026e2524f120 Uncommon trap: reason=unstable_if action=reinterpret pc=0x0000026e368d64a0 method=jdk.internal.org.objectweb.asm.SymbolTable.put(Ljdk/internal/org/objectweb/asm/SymbolTable$Entry;)Ljdk/internal/org/objectweb/asm/SymbolTable$Entry; @ 13 c2
Event: 3.222 Thread 0x0000026e2524f120 DEOPT PACKING pc=0x0000026e368d64a0 sp=0x000000a5218fcdf0
Event: 3.223 Thread 0x0000026e2524f120 DEOPT UNPACKING pc=0x0000026e363146a2 sp=0x000000a5218fcd28 mode 2
Event: 3.229 Thread 0x0000026e2524f120 Uncommon trap: trap_request=0xffffffde fr.pc=0x0000026e36952bac relative=0x000000000000088c
Event: 3.229 Thread 0x0000026e2524f120 Uncommon trap: reason=class_check action=maybe_recompile pc=0x0000026e36952bac method=java.util.HashMap.putVal(ILjava/lang/Object;Ljava/lang/Object;ZZ)Ljava/lang/Object; @ 203 c2
Event: 3.229 Thread 0x0000026e2524f120 DEOPT PACKING pc=0x0000026e36952bac sp=0x000000a5218fe6f0
Event: 3.229 Thread 0x0000026e2524f120 DEOPT UNPACKING pc=0x0000026e363146a2 sp=0x000000a5218fe670 mode 2
Event: 3.328 Thread 0x0000026e2524f120 Uncommon trap: trap_request=0xffffff45 fr.pc=0x0000026e36967e38 relative=0x00000000000020f8
Event: 3.328 Thread 0x0000026e2524f120 Uncommon trap: reason=unstable_if action=reinterpret pc=0x0000026e36967e38 method=org.springframework.boot.context.properties.source.ConfigurationPropertyName$ElementsParser.add(IILorg/springframework/boot/context/properties/source/ConfigurationPropertyNa
Event: 3.328 Thread 0x0000026e2524f120 DEOPT PACKING pc=0x0000026e36967e38 sp=0x000000a5218fe260
Event: 3.328 Thread 0x0000026e2524f120 DEOPT UNPACKING pc=0x0000026e363146a2 sp=0x000000a5218fe188 mode 2

Classes loaded (20 events):
Event: 3.013 Loading class javax/naming/ldap/LdapContext
Event: 3.013 Loading class javax/security/auth/login/FailedLoginException
Event: 3.013 Loading class javax/naming/directory/DirContext
Event: 3.013 Loading class javax/security/auth/login/FailedLoginException done
Event: 3.013 Loading class javax/naming/directory/DirContext done
Event: 3.013 Loading class javax/naming/ldap/LdapContext done
Event: 3.013 Loading class javax/security/auth/callback/CallbackHandler
Event: 3.014 Loading class javax/security/auth/callback/CallbackHandler done
Event: 3.014 Loading class javax/security/auth/Subject
Event: 3.014 Loading class javax/security/auth/Subject done
Event: 3.030 Loading class com/sun/security/sasl/Provider
Event: 3.030 Loading class com/sun/security/sasl/Provider done
Event: 3.031 Loading class com/sun/security/sasl/Provider$1
Event: 3.031 Loading class com/sun/security/sasl/Provider$1 done
Event: 3.031 Loading class com/sun/security/sasl/Provider$ProviderService
Event: 3.031 Loading class com/sun/security/sasl/Provider$ProviderService done
Event: 3.031 Loading class sun/security/provider/certpath/ldap/JdkLDAP
Event: 3.031 Loading class sun/security/provider/certpath/ldap/JdkLDAP done
Event: 3.032 Loading class sun/security/provider/certpath/ldap/JdkLDAP$ProviderService
Event: 3.032 Loading class sun/security/provider/certpath/ldap/JdkLDAP$ProviderService done

Classes unloaded (0 events):
No events

Classes redefined (0 events):
No events

Internal exceptions (20 events):
Event: 1.991 Thread 0x0000026e2524f120 Exception <a 'java/lang/NoSuchMethodError'{0x00000007156fc540}: 'void java.lang.invoke.DirectMethodHandle$Holder.invokeVirtual(java.lang.Object, java.lang.Object, java.lang.Object, java.lang.Object)'> (0x00000007156fc540) 
thrown [s\open\src\hotspot\share\interpreter\linkResolver.cpp, line 774]
Event: 2.073 Thread 0x0000026e2524f120 Exception <a 'java/lang/NoSuchMethodError'{0x0000000715444d00}: 'void java.lang.invoke.DirectMethodHandle$Holder.invokeSpecial(java.lang.Object, java.lang.Object, java.lang.Object)'> (0x0000000715444d00) 
thrown [s\open\src\hotspot\share\interpreter\linkResolver.cpp, line 774]
Event: 2.078 Thread 0x0000026e2524f120 Exception <a 'java/lang/NoSuchMethodError'{0x000000071545c418}: 'java.lang.Object java.lang.invoke.DirectMethodHandle$Holder.invokeVirtual(java.lang.Object, java.lang.Object, java.lang.Object)'> (0x000000071545c418) 
thrown [s\open\src\hotspot\share\interpreter\linkResolver.cpp, line 774]
Event: 2.127 Thread 0x0000026e2524f120 Exception <a 'java/lang/IncompatibleClassChangeError'{0x0000000715540260}: Found class java.lang.Object, but interface was expected> (0x0000000715540260) 
thrown [s\open\src\hotspot\share\interpreter\linkResolver.cpp, line 841]
Event: 2.134 Thread 0x0000026e2524f120 Exception <a 'java/lang/NoSuchMethodError'{0x0000000715553f20}: 'java.lang.Object java.lang.invoke.DirectMethodHandle$Holder.invokeStaticInit(java.lang.Object, int)'> (0x0000000715553f20) 
thrown [s\open\src\hotspot\share\interpreter\linkResolver.cpp, line 774]
Event: 2.138 Thread 0x0000026e2524f120 Exception <a 'java/lang/NoSuchMethodError'{0x000000071555e418}: 'java.lang.Object java.lang.invoke.DirectMethodHandle$Holder.invokeStatic(java.lang.Object, int, java.lang.Object)'> (0x000000071555e418) 
thrown [s\open\src\hotspot\share\interpreter\linkResolver.cpp, line 774]
Event: 2.138 Thread 0x0000026e2524f120 Exception <a 'java/lang/NoSuchMethodError'{0x0000000715561a98}: 'java.lang.Object java.lang.invoke.DirectMethodHandle$Holder.invokeStaticInit(java.lang.Object, int, java.lang.Object)'> (0x0000000715561a98) 
thrown [s\open\src\hotspot\share\interpreter\linkResolver.cpp, line 774]
Event: 2.156 Thread 0x0000026e2524f120 Exception <a 'sun/nio/fs/WindowsException'{0x00000007155fef38}> (0x00000007155fef38) 
thrown [s\open\src\hotspot\share\prims\jni.cpp, line 520]
Event: 2.169 Thread 0x0000026e2524f120 Exception <a 'jdk/internal/org/jline/terminal/impl/jna/LastErrorException'{0x000000071520b858}> (0x000000071520b858) 
thrown [s\open\src\hotspot\share\prims\jni.cpp, line 520]
Event: 2.169 Thread 0x0000026e2524f120 Exception <a 'jdk/internal/org/jline/terminal/impl/jna/LastErrorException'{0x000000071520bf18}> (0x000000071520bf18) 
thrown [s\open\src\hotspot\share\prims\jni.cpp, line 520]
Event: 2.169 Thread 0x0000026e2524f120 Exception <a 'jdk/internal/org/jline/terminal/impl/jna/LastErrorException'{0x000000071520c588}> (0x000000071520c588) 
thrown [s\open\src\hotspot\share\prims\jni.cpp, line 520]
Event: 2.725 Thread 0x0000026e2524f120 Exception <a 'java/lang/NoSuchMethodError'{0x0000000715c3e948}: 'int java.lang.invoke.DirectMethodHandle$Holder.invokeSpecial(java.lang.Object, java.lang.Object, java.lang.Object, java.lang.Object, java.lang.Object)'> (0x0000000715c3e948) 
thrown [s\open\src\hotspot\share\interpreter\linkResolver.cpp, line 774]
Event: 2.729 Thread 0x0000026e2524f120 Exception <a 'java/lang/NoSuchMethodError'{0x0000000715c46f00}: 'void java.lang.invoke.DirectMethodHandle$Holder.invokeVirtual(java.lang.Object, java.lang.Object)'> (0x0000000715c46f00) 
thrown [s\open\src\hotspot\share\interpreter\linkResolver.cpp, line 774]
Event: 2.824 Thread 0x0000026e8c2d2350 Exception <a 'java/lang/NoSuchMethodError'{0x00000007156d3c98}: 'long java.lang.invoke.DirectMethodHandle$Holder.invokeSpecial(java.lang.Object, java.lang.Object)'> (0x00000007156d3c98) 
thrown [s\open\src\hotspot\share\interpreter\linkResolver.cpp, line 774]
Event: 2.828 Thread 0x0000026e8c2d2350 Exception <a 'java/lang/NoSuchMethodError'{0x00000007156dd890}: 'long java.lang.invoke.DirectMethodHandle$Holder.invokeStatic(java.lang.Object, java.lang.Object)'> (0x00000007156dd890) 
thrown [s\open\src\hotspot\share\interpreter\linkResolver.cpp, line 774]
Event: 2.828 Thread 0x0000026e8c2d2350 Exception <a 'java/lang/NoSuchMethodError'{0x00000007156e0978}: 'long java.lang.invoke.DirectMethodHandle$Holder.invokeStaticInit(java.lang.Object, java.lang.Object)'> (0x00000007156e0978) 
thrown [s\open\src\hotspot\share\interpreter\linkResolver.cpp, line 774]
Event: 2.832 Thread 0x0000026e8c2d2350 Exception <a 'java/lang/NoSuchMethodError'{0x00000007156ecb70}: 'long java.lang.invoke.DirectMethodHandle$Holder.invokeInterface(java.lang.Object, java.lang.Object)'> (0x00000007156ecb70) 
thrown [s\open\src\hotspot\share\interpreter\linkResolver.cpp, line 774]
Event: 2.832 Thread 0x0000026e8c2d2350 Exception <a 'java/lang/IncompatibleClassChangeError'{0x0000000715773b78}: Found class java.lang.Object, but interface was expected> (0x0000000715773b78) 
thrown [s\open\src\hotspot\share\interpreter\linkResolver.cpp, line 841]
Event: 2.838 Thread 0x0000026e8c2d2350 Exception <a 'java/lang/NoSuchMethodError'{0x000000071578c410}: 'java.lang.Object java.lang.invoke.DirectMethodHandle$Holder.invokeVirtual(java.lang.Object, java.lang.Object, java.lang.Object, java.lang.Object)'> (0x000000071578c410) 
thrown [s\open\src\hotspot\share\interpreter\linkResolver.cpp, line 774]
Event: 3.082 Thread 0x0000026e2524f120 Exception <a 'java/lang/IncompatibleClassChangeError'{0x0000000714ce21c8}: Found class java.lang.Object, but interface was expected> (0x0000000714ce21c8) 
thrown [s\open\src\hotspot\share\interpreter\linkResolver.cpp, line 841]

ZGC Phase Switch (0 events):
No events

VM Operations (20 events):
Event: 2.067 Executing VM operation: HandshakeAllThreads (Deoptimize)
Event: 2.067 Executing VM operation: HandshakeAllThreads (Deoptimize) done
Event: 2.068 Executing VM operation: HandshakeAllThreads (Deoptimize)
Event: 2.068 Executing VM operation: HandshakeAllThreads (Deoptimize) done
Event: 2.153 Executing VM operation: ICBufferFull
Event: 2.153 Executing VM operation: ICBufferFull done
Event: 2.518 Executing VM operation: HandshakeAllThreads (Deoptimize)
Event: 2.518 Executing VM operation: HandshakeAllThreads (Deoptimize) done
Event: 2.624 Executing VM operation: HandshakeAllThreads (Deoptimize)
Event: 2.624 Executing VM operation: HandshakeAllThreads (Deoptimize) done
Event: 2.686 Executing VM operation: HandshakeAllThreads (Deoptimize)
Event: 2.686 Executing VM operation: HandshakeAllThreads (Deoptimize) done
Event: 2.716 Executing VM operation: G1CollectForAllocation (G1 Evacuation Pause)
Event: 2.723 Executing VM operation: G1CollectForAllocation (G1 Evacuation Pause) done
Event: 2.904 Executing VM operation: HandshakeAllThreads (Deoptimize)
Event: 2.904 Executing VM operation: HandshakeAllThreads (Deoptimize) done
Event: 2.968 Executing VM operation: HandshakeAllThreads (Deoptimize)
Event: 2.968 Executing VM operation: HandshakeAllThreads (Deoptimize) done
Event: 3.251 Executing VM operation: ICBufferFull
Event: 3.251 Executing VM operation: ICBufferFull done

Memory protections (0 events):
No events

Nmethod flushes (0 events):
No events

Events (17 events):
Event: 0.033 Thread 0x0000026e2524f120 Thread added: 0x0000026e2524f120
Event: 0.079 Thread 0x0000026e2524f120 Thread added: 0x0000026e460cc5d0
Event: 0.079 Thread 0x0000026e2524f120 Thread added: 0x0000026e460cd4f0
Event: 0.080 Thread 0x0000026e2524f120 Thread added: 0x0000026e460d10d0
Event: 0.080 Thread 0x0000026e2524f120 Thread added: 0x0000026e460d1b30
Event: 0.080 Thread 0x0000026e2524f120 Thread added: 0x0000026e460d2590
Event: 0.080 Thread 0x0000026e2524f120 Thread added: 0x0000026e460d2ff0
Event: 0.080 Thread 0x0000026e2524f120 Thread added: 0x0000026e460d7d90
Event: 0.082 Thread 0x0000026e2524f120 Thread added: 0x0000026e460db410
Event: 0.182 Thread 0x0000026e2524f120 Thread added: 0x0000026e460f9800
Event: 0.250 Thread 0x0000026e460d7d90 Thread added: 0x0000026e46406e60
Event: 0.401 Thread 0x0000026e2524f120 Thread added: 0x0000026e46673190
Event: 0.401 Thread 0x0000026e2524f120 Thread added: 0x0000026e465fa230
Event: 2.122 Thread 0x0000026e2524f120 Thread added: 0x0000026e8c2d2350
Event: 2.988 Thread 0x0000026e2524f120 Thread added: 0x0000026e8c73ef00
Event: 3.035 Thread 0x0000026e8c2d2350 Thread exited: 0x0000026e8c2d2350
Event: 3.050 Thread 0x0000026e8c73ef00 Thread exited: 0x0000026e8c73ef00


Dynamic libraries:
0x00007ff6b88a0000 - 0x00007ff6b88ae000 	C:\Users\95959954\.jdks\openjdk-22.0.2\bin\java.exe
0x00007ffb1c6f0000 - 0x00007ffb1c8e8000 	C:\Windows\SYSTEM32\ntdll.dll
0x00007ffb1aec0000 - 0x00007ffb1af7f000 	C:\Windows\System32\KERNEL32.DLL
0x00007ffb1a300000 - 0x00007ffb1a5d2000 	C:\Windows\System32\KERNELBASE.dll
0x00007ffb1a200000 - 0x00007ffb1a300000 	C:\Windows\System32\ucrtbase.dll
0x00007ffb0deb0000 - 0x00007ffb0dec7000 	C:\Users\95959954\.jdks\openjdk-22.0.2\bin\jli.dll
0x00007ffb15470000 - 0x00007ffb1548b000 	C:\Users\95959954\.jdks\openjdk-22.0.2\bin\VCRUNTIME140.dll
0x00007ffb1afe0000 - 0x00007ffb1b181000 	C:\Windows\System32\USER32.dll
0x00007ffb19ef0000 - 0x00007ffb19f12000 	C:\Windows\System32\win32u.dll
0x00007ffae8cc0000 - 0x00007ffae8f5a000 	C:\Windows\WinSxS\amd64_microsoft.windows.common-controls_6595b64144ccf1df_6.0.19041.1110_none_60b5254171f9507e\COMCTL32.dll
0x00007ffb1bf30000 - 0x00007ffb1bf5b000 	C:\Windows\System32\GDI32.dll
0x00007ffb1c2d0000 - 0x00007ffb1c36e000 	C:\Windows\System32\msvcrt.dll
0x00007ffb19de0000 - 0x00007ffb19eef000 	C:\Windows\System32\gdi32full.dll
0x00007ffb1a690000 - 0x00007ffb1a72d000 	C:\Windows\System32\msvcp_win.dll
0x00007ffb1ae80000 - 0x00007ffb1aeb2000 	C:\Windows\System32\IMM32.DLL
0x00007ffb154f0000 - 0x00007ffb154fc000 	C:\Users\95959954\.jdks\openjdk-22.0.2\bin\vcruntime140_1.dll
0x00007ffb0da80000 - 0x00007ffb0db0e000 	C:\Users\95959954\.jdks\openjdk-22.0.2\bin\msvcp140.dll
0x00007ffa9cd00000 - 0x00007ffa9da49000 	C:\Users\95959954\.jdks\openjdk-22.0.2\bin\server\jvm.dll
0x00007ffb1c5a0000 - 0x00007ffb1c64e000 	C:\Windows\System32\ADVAPI32.dll
0x00007ffb1b330000 - 0x00007ffb1b3cc000 	C:\Windows\System32\sechost.dll
0x00007ffb1b200000 - 0x00007ffb1b325000 	C:\Windows\System32\RPCRT4.dll
0x00007ffb1b190000 - 0x00007ffb1b1fb000 	C:\Windows\System32\WS2_32.dll
0x00007ffb19c50000 - 0x00007ffb19c9b000 	C:\Windows\SYSTEM32\POWRPROF.dll
0x00007ffae88f0000 - 0x00007ffae8917000 	C:\Windows\SYSTEM32\WINMM.dll
0x00007ffb04e70000 - 0x00007ffb04e7a000 	C:\Windows\SYSTEM32\VERSION.dll
0x00007ffb19c30000 - 0x00007ffb19c42000 	C:\Windows\SYSTEM32\UMPDC.dll
0x00007ffb17e40000 - 0x00007ffb17e52000 	C:\Windows\SYSTEM32\kernel.appcore.dll
0x00007ffb15460000 - 0x00007ffb1546a000 	C:\Users\95959954\.jdks\openjdk-22.0.2\bin\jimage.dll
0x00007ffb179d0000 - 0x00007ffb17bb4000 	C:\Windows\SYSTEM32\DBGHELP.DLL
0x00007ffb04ed0000 - 0x00007ffb04f05000 	C:\Windows\SYSTEM32\dbgcore.DLL
0x00007ffb1a120000 - 0x00007ffb1a1a2000 	C:\Windows\System32\bcryptPrimitives.dll
0x00007ffb10650000 - 0x00007ffb1065f000 	C:\Users\95959954\.jdks\openjdk-22.0.2\bin\instrument.dll
0x00007ffb0de90000 - 0x00007ffb0deae000 	C:\Users\95959954\.jdks\openjdk-22.0.2\bin\java.dll
0x00007ffb1b730000 - 0x00007ffb1be75000 	C:\Windows\System32\SHELL32.dll
0x00007ffb1c470000 - 0x00007ffb1c59a000 	C:\Windows\System32\ole32.dll
0x00007ffb1b3d0000 - 0x00007ffb1b725000 	C:\Windows\System32\combase.dll
0x00007ffb17f50000 - 0x00007ffb186e2000 	C:\Windows\SYSTEM32\windows.storage.dll
0x00007ffb19680000 - 0x00007ffb196b0000 	C:\Windows\SYSTEM32\Wldp.dll
0x00007ffb1bf60000 - 0x00007ffb1c00d000 	C:\Windows\System32\SHCORE.dll
0x00007ffb1af80000 - 0x00007ffb1afd5000 	C:\Windows\System32\shlwapi.dll
0x00007ffb19d20000 - 0x00007ffb19d3f000 	C:\Windows\SYSTEM32\profapi.dll
0x00007ffb0d9a0000 - 0x00007ffb0da77000 	C:\Users\95959954\.jdks\openjdk-22.0.2\bin\jsvml.dll
0x00007ffb0de70000 - 0x00007ffb0de87000 	C:\Users\95959954\.jdks\openjdk-22.0.2\bin\zip.dll
0x00007ffb0de60000 - 0x00007ffb0de70000 	C:\Users\95959954\.jdks\openjdk-22.0.2\bin\net.dll
0x00007ffb19460000 - 0x00007ffb194ca000 	C:\Windows\system32\mswsock.dll
0x00007ffb0de40000 - 0x00007ffb0de56000 	C:\Users\95959954\.jdks\openjdk-22.0.2\bin\nio.dll
0x00007ffb0d850000 - 0x00007ffb0d86a000 	C:\Program Files\JetBrains\IntelliJ IDEA Community Edition 2024.1.4\bin\breakgen64.dll
0x00007ffb0de30000 - 0x00007ffb0de39000 	C:\Users\95959954\.jdks\openjdk-22.0.2\bin\extnet.dll
0x00007ffb0dd20000 - 0x00007ffb0dd2b000 	C:\Users\95959954\.jdks\openjdk-22.0.2\bin\le.dll
0x00007ffb0d840000 - 0x00007ffb0d84e000 	C:\Users\95959954\.jdks\openjdk-22.0.2\bin\sunmscapi.dll
0x00007ffb19f50000 - 0x00007ffb1a0a6000 	C:\Windows\System32\CRYPT32.dll
0x00007ffb197d0000 - 0x00007ffb197f7000 	C:\Windows\SYSTEM32\ncrypt.dll
0x00007ffb19790000 - 0x00007ffb197cb000 	C:\Windows\SYSTEM32\NTASN1.dll

dbghelp: loaded successfully - version: 4.0.5 - missing functions: none
symbol engine: initialized successfully - sym options: 0x614 - pdb path: .;C:\Users\95959954\.jdks\openjdk-22.0.2\bin;C:\Windows\SYSTEM32;C:\Windows\WinSxS\amd64_microsoft.windows.common-controls_6595b64144ccf1df_6.0.19041.1110_none_60b5254171f9507e;C:\Users\95959954\.jdks\openjdk-22.0.2\bin\server;C:\Program Files\JetBrains\IntelliJ IDEA Community Edition 2024.1.4\bin

VM Arguments:
jvm_args: -javaagent:C:\Program Files\JetBrains\IntelliJ IDEA Community Edition 2024.1.4\lib\idea_rt.jar=58364:C:\Program Files\JetBrains\IntelliJ IDEA Community Edition 2024.1.4\bin -Dfile.encoding=UTF-8 -Dsun.stdout.encoding=UTF-8 -Dsun.stderr.encoding=UTF-8 
java_command: edu.coder.preEntregaFacturacion.PreEntregaFacturacionApplication
java_class_path (initial): C:\Users\95959954\Documents\PER\java\preEntregaFacturacion\preEntregaFacturacion\target\classes;C:\Users\95959954\.m2\repository\org\springframework\boot\spring-boot-starter-data-jpa\3.3.2\spring-boot-starter-data-jpa-3.3.2.jar;C:\Users\95959954\.m2\repository\org\springframework\boot\spring-boot-starter-aop\3.3.2\spring-boot-starter-aop-3.3.2.jar;C:\Users\95959954\.m2\repository\org\springframework\spring-aop\6.1.11\spring-aop-6.1.11.jar;C:\Users\95959954\.m2\repository\org\aspectj\aspectjweaver\1.9.22.1\aspectjweaver-1.9.22.1.jar;C:\Users\95959954\.m2\repository\org\springframework\boot\spring-boot-starter-jdbc\3.3.2\spring-boot-starter-jdbc-3.3.2.jar;C:\Users\95959954\.m2\repository\com\zaxxer\HikariCP\5.1.0\HikariCP-5.1.0.jar;C:\Users\95959954\.m2\repository\org\springframework\spring-jdbc\6.1.11\spring-jdbc-6.1.11.jar;C:\Users\95959954\.m2\repository\org\hibernate\orm\hibernate-core\6.5.2.Final\hibernate-core-6.5.2.Final.jar;C:\Users\95959954\.m2\repository\jakarta\persistence\jakarta.persistence-api\3.1.0\jakarta.persistence-api-3.1.0.jar;C:\Users\95959954\.m2\repository\jakarta\transaction\jakarta.transaction-api\2.0.1\jakarta.transaction-api-2.0.1.jar;C:\Users\95959954\.m2\repository\org\jboss\logging\jboss-logging\3.5.3.Final\jboss-logging-3.5.3.Final.jar;C:\Users\95959954\.m2\repository\org\hibernate\common\hibernate-commons-annotations\6.0.6.Final\hibernate-commons-annotations-6.0.6.Final.jar;C:\Users\95959954\.m2\repository\io\smallrye\jandex\3.1.2\jandex-3.1.2.jar;C:\Users\95959954\.m2\repository\com\fasterxml\classmate\1.7.0\classmate-1.7.0.jar;C:\Users\95959954\.m2\repository\net\bytebuddy\byte-buddy\1.14.18\byte-buddy-1.14.18.jar;C:\Users\95959954\.m2\repository\org\glassfish\jaxb\jaxb-runtime\4.0.5\jaxb-runtime-4.0.5.jar;C:\Users\95959954\.m2\repository\org\glassfish\jaxb\jaxb-core\4.0.5\jaxb-core-4.0.5.jar;C:\Users\95959954\.m2\repository\org\eclipse\angus\angus-activation\2.0.2\angus-activation-2.0.2.jar;C:\Users\95959954\.m2\repository\org\glassfish\jaxb\txw2\4.0.5\txw2-4.0.5.jar;C:\Users\95959954\.m2\repository\com\sun\istack\istack-commons-runtime\4.1.2\istack-commons-runtime-4.1.2.jar;C:\Users\95959954\.m2\repository\jakarta\inject\jakarta.inject-api\2.0.1\jakarta.inject-api-2.0.1.jar;C:\Users\95959954\.m2\repository\org\antlr\antlr4-runtime\4.13.0\antlr4-runtime-4.13.0.jar;C:\Users\95959954\.m2\repository\org\springframework\data\spring-data-jpa\3.3.2\spring-data-jpa-3.3.2.jar;C:\Users\95959954\.m2\repository\org\springframework\data\spring-data-commons\3.3.2\spring-data-commons-3.3.2.jar;C:\Users\95959954\.m2\repository\org\springframework\spring-orm\6.1.11\spring-orm-6.1.11.jar;C:\Users\95959954\.m2\repository\org\springframework\spring-context\6.1.11\spring-context-6.1.11.jar;C:\Users\95959954\.m2\repository\org\springframework\spring-tx\6.1.11\spring-tx-6.1.11.jar;C:\Users\95959954\.m2\repository\org\springframework\spring-beans\6.1.11\spring-beans-6.1.11.jar;C:\Users\95959954\.m2\repository\jakarta\annotation\jakarta.annotation-api\2.1.1\jakarta.annotation-api-2.1.1.jar;C:\Users\95959954\.m2\repository\org\slf4j\slf4j-api\2.0.13\slf4j-api-2.0.13.jar;C:\Users\95959954\.m2\repository\org\springframework\spring-aspects\6.1.11\spring-aspects-6.1.11.jar;C:\Users\95959954\.m2\repository\org\springframework\boot\spring-boot-starter-web\3.3.2\spring-boot-starter-web-3.3.2.jar;C:\Users\95959954\.m2\repository\org\springframework\boot\spring-boot-starter\3.3.2\spring-boot-starter-3.3.2.jar;C:\Users\95959954\.m2\repository\org\springframework\boot\spring-boot\3.3.2\spring-boot-3.3.2.jar;C:\Users\95959954\.m2\repository\org\springframework\boot\spring-boot-autoconfigure\3.3.2\spring-boot-autoconfigure-3.3.2.jar;C:\Users\95959954\.m2\repository\org\springframework\boot\spring-boot-starter-logging\3.3.2\spring-boot-starter-logging-3.3.2.jar;C:\Users\95959954\.m2\repository\ch\qos\logback\logback-classic\1.5.6\logback-classic-1.5.6.jar;C:\Users\95959954\.m2\repository\ch\qos\logback\logback-core\1.5.6\logback-core-1.5.6.jar;C:\Users\95959954\.m2\repository\org\apache\logging\log4j\log4j-to-slf4j\2.23.1\log4j-to-slf4j-2.23.1.jar;C:\Users\95959954\.m2\repository\org\apache\logging\log4j\log4j-api\2.23.1\log4j-api-2.23.1.jar;C:\Users\95959954\.m2\repository\org\slf4j\jul-to-slf4j\2.0.13\jul-to-slf4j-2.0.13.jar;C:\Users\95959954\.m2\repository\org\yaml\snakeyaml\2.2\snakeyaml-2.2.jar;C:\Users\95959954\.m2\repository\org\springframework\boot\spring-boot-starter-json\3.3.2\spring-boot-starter-json-3.3.2.jar;C:\Users\95959954\.m2\repository\com\fasterxml\jackson\core\jackson-databind\2.17.2\jackson-databind-2.17.2.jar;C:\Users\95959954\.m2\repository\com\fasterxml\jackson\core\jackson-annotations\2.17.2\jackson-annotations-2.17.2.jar;C:\Users\95959954\.m2\repository\com\fasterxml\jackson\core\jackson-core\2.17.2\jackson-core-2.17.2.jar;C:\Users\95959954\.m2\repository\com\fasterxml\jackson\datatype\jackson-datatype-jdk8\2.17.2\jackson-datatype-jdk8-2.17.2.jar;C:\Users\95959954\.m2\repository\com\fasterxml\jackson\datatype\jackson-datatype-jsr310\2.17.2\jackson-datatype-jsr310-2.17.2.jar;C:\Users\95959954\.m2\repository\com\fasterxml\jackson\module\jackson-module-parameter-names\2.17.2\jackson-module-parameter-names-2.17.2.jar;C:\Users\95959954\.m2\repository\org\springframework\boot\spring-boot-starter-tomcat\3.3.2\spring-boot-starter-tomcat-3.3.2.jar;C:\Users\95959954\.m2\repository\org\apache\tomcat\embed\tomcat-embed-core\10.1.26\tomcat-embed-core-10.1.26.jar;C:\Users\95959954\.m2\repository\org\apache\tomcat\embed\tomcat-embed-el\10.1.26\tomcat-embed-el-10.1.26.jar;C:\Users\95959954\.m2\repository\org\apache\tomcat\embed\tomcat-embed-websocket\10.1.26\tomcat-embed-websocket-10.1.26.jar;C:\Users\95959954\.m2\repository\org\springframework\spring-web\6.1.11\spring-web-6.1.11.jar;C:\Users\95959954\.m2\repository\io\micrometer\micrometer-observation\1.13.2\micrometer-observation-1.13.2.jar;C:\Users\95959954\.m2\repository\io\micrometer\micrometer-commons\1.13.2\micrometer-commons-1.13.2.jar;C:\Users\95959954\.m2\repository\org\springframework\spring-webmvc\6.1.11\spring-webmvc-6.1.11.jar;C:\Users\95959954\.m2\repository\org\springframework\spring-expression\6.1.11\spring-expression-6.1.11.jar;C:\Users\95959954\.m2\repository\com\h2database\h2\2.2.224\h2-2.2.224.jar;C:\Users\95959954\.m2\repository\jakarta\xml\bind\jakarta.xml.bind-api\4.0.2\jakarta.xml.bind-api-4.0.2.jar;C:\Users\95959954\.m2\repository\jakarta\activation\jakarta.activation-api\2.1.3\jakarta.activation-api-2.1.3.jar;C:\Users\95959954\.m2\repository\org\springframework\spring-core\6.1.11\spring-core-6.1.11.jar;C:\Users\95959954\.m2\repository\org\springframework\spring-jcl\6.1.11\spring-jcl-6.1.11.jar;C:\Users\95959954\.m2\repository\org\springdoc\springdoc-openapi-starter-webmvc-ui\2.1.0\springdoc-openapi-starter-webmvc-ui-2.1.0.jar;C:\Users\95959954\.m2\repository\org\springdoc\springdoc-openapi-starter-webmvc-api\2.1.0\springdoc-openapi-starter-webmvc-api-2.1.0.jar;C:\Users\95959954\.m2\repository\org\springdoc\springdoc-openapi-starter-common\2.1.0\springdoc-openapi-starter-common-2.1.0.jar;C:\Users\95959954\.m2\repository\io\swagger\core\v3\swagger-core-jakarta\2.2.9\swagger-core-jakarta-2.2.9.jar;C:\Users\95959954\.m2\repository\org\apache\commons\commons-lang3\3.14.0\commons-lang3-3.14.0.jar;C:\Users\95959954\.m2\repository\io\swagger\core\v3\swagger-annotations-jakarta\2.2.9\swagger-annotations-jakarta-2.2.9.jar;C:\Users\95959954\.m2\repository\io\swagger\core\v3\swagger-models-jakarta\2.2.9\swagger-models-jakarta-2.2.9.jar;C:\Users\95959954\.m2\repository\jakarta\validation\jakarta.validation-api\3.0.2\jakarta.validation-api-3.0.2.jar;C:\Users\95959954\.m2\repository\com\fasterxml\jackson\dataformat\jackson-dataformat-yaml\2.17.2\jackson-dataformat-yaml-2.17.2.jar;C:\Users\95959954\.m2\repository\org\webjars\swagger-ui\4.18.2\swagger-ui-4.18.2.jar
Launcher Type: SUN_STANDARD

[Global flags]
     intx CICompilerCount                          = 4                                         {product} {ergonomic}
     uint ConcGCThreads                            = 2                                         {product} {ergonomic}
     uint G1ConcRefinementThreads                  = 8                                         {product} {ergonomic}
   size_t G1HeapRegionSize                         = 2097152                                   {product} {ergonomic}
   size_t InitialHeapSize                          = 262144000                                 {product} {ergonomic}
   size_t MarkStackSize                            = 4194304                                   {product} {ergonomic}
   size_t MaxHeapSize                              = 4190109696                                {product} {ergonomic}
   size_t MaxNewSize                               = 2512388096                                {product} {ergonomic}
   size_t MinHeapDeltaBytes                        = 2097152                                   {product} {ergonomic}
   size_t MinHeapSize                              = 8388608                                   {product} {ergonomic}
    uintx NonNMethodCodeHeapSize                   = 5839372                                {pd product} {ergonomic}
    uintx NonProfiledCodeHeapSize                  = 122909434                              {pd product} {ergonomic}
    uintx ProfiledCodeHeapSize                     = 122909434                              {pd product} {ergonomic}
    uintx ReservedCodeCacheSize                    = 251658240                              {pd product} {ergonomic}
     bool SegmentedCodeCache                       = true                                      {product} {ergonomic}
   size_t SoftMaxHeapSize                          = 4190109696                             {manageable} {ergonomic}
     bool UseCompressedOops                        = true                           {product lp64_product} {ergonomic}
     bool UseG1GC                                  = true                                      {product} {ergonomic}
     bool UseLargePagesIndividualAllocation        = false                                  {pd product} {ergonomic}

Logging:
Log output configuration:
 #0: stdout all=warning uptime,level,tags foldmultilines=false
 #1: stderr all=off uptime,level,tags foldmultilines=false

Environment Variables:
PATH=C:\Program Files\Common Files\Oracle\Java\javapath;C:\Program Files (x86)\TEC-IT\TBarCode8\Bin;C:\Program Files (x86)\Common Files\Oracle\Java\javapath;C:\Windows\system32;C:\Windows;C:\Windows\System32\Wbem;C:\Windows\System32\WindowsPowerShell\v1.0\;C:\Windows\System32\OpenSSH\;C:\Program Files\PuTTY\;C:\Program Files (x86)\DevDesktop\php7_3_x64;C:\ProgramData\ComposerSetup\bin;C:\Program Files\dotnet\;C:\Program Files\Azure Data Studio\bin;C:\Program Files\Microsoft SQL Server\Client SDK\ODBC\170\Tools\Binn\;C:\Program Files (x86)\Microsoft SQL Server\150\Tools\Binn\;C:\Program Files\Microsoft SQL Server\150\Tools\Binn\;C:\Program Files\Microsoft SQL Server\150\DTS\Binn\;C:\ProgramData\chocolatey\bin;%NVM_HOME%;%NVM_SYMLINK%;C:\Program Files\Microsoft SQL Server\130\Tools\Binn\;C:\Program Files (x86)\Pulse Secure\VC142.CRT\X64\;C:\Program Files (x86)\Pulse Secure\VC142.CRT\X86\;C:\Program Files (x86)\Common Files\Pulse Secure\TNC Client Plugin\;C:\Program Files\Git\cmd;C:\Users\95959954\.console-ninja\.bin;C:\Users\95959954\AppData\Local\Microsoft\WindowsApps;C:\Users\95959954\AppData\Local\Programs\Microsoft VS Code\bin;C:\Users\95959954\AppData\Local\gitkraken\bin;C:\Program Files\Azure Data Studio\bin;C:\Program Files\MongoDB\Server\5.0\bin;C:\Users\95959954\AppData\Roaming\nvm;C:\Program Files\nodejs;C:\Users\95959954\.dotnet\tools
USERNAME=95959954
OS=Windows_NT
PROCESSOR_IDENTIFIER=Intel64 Family 6 Model 142 Stepping 12, GenuineIntel
TMP=C:\Users\95959954\AppData\Local\Temp
TEMP=C:\Users\95959954\AppData\Local\Temp




Periodic native trim disabled

---------------  S Y S T E M  ---------------

OS:
 Windows 10 , 64 bit Build 19041 (10.0.19041.2546)
OS uptime: 1 days 8:12 hours
Hyper-V role detected

CPU: total 8 (initial active 8) (4 cores per cpu, 2 threads per core) family 6 model 142 stepping 12 microcode 0xde, cx8, cmov, fxsr, ht, mmx, 3dnowpref, sse, sse2, sse3, ssse3, sse4.1, sse4.2, popcnt, lzcnt, tsc, tscinvbit, avx, avx2, aes, erms, clmul, bmi1, bmi2, adx, fma, vzeroupper, clflush, clflushopt, hv, rdtscp, f16c
Processor Information for all 8 processors :
  Max Mhz: 2304, Current Mhz: 1803, Mhz Limit: 1797

Memory: 4k page, system-wide physical 15980M (499M free)
TotalPageFile size 32917M (AvailPageFile size 52M)
current process WorkingSet (physical memory assigned to process): 135M, peak: 135M
current process commit charge ("private bytes"): 382M, peak: 382M

vm_info: OpenJDK 64-Bit Server VM (22.0.2+9-70) for windows-amd64 JRE (22.0.2+9-70), built on 2024-06-04T16:52:23Z by "mach5one" with MS VC++ 17.6 (VS2022)

END.
